<?xml version="1.0" encoding="UTF-8"?>
<testng-results skipped="0" failed="0" ignored="0" total="1" passed="1">
  <reporter-output>
  </reporter-output>
  <suite name="Default suite" duration-ms="49532" started-at="2018-05-31T10:26:40Z" finished-at="2018-05-31T10:27:29Z">
    <groups>
    </groups>
    <test name="Default test" duration-ms="49532" started-at="2018-05-31T10:26:40Z" finished-at="2018-05-31T10:27:29Z">
      <class name="MobileLogin">
        <test-method status="PASS" signature="setup()[pri:0, instance:MobileLogin@46d56d67]" name="setup" is-config="true" duration-ms="49457" started-at="2018-05-31T10:26:40Z" finished-at="2018-05-31T10:27:29Z">
          <reporter-output>
          </reporter-output>
        </test-method> <!-- setup -->
        <test-method status="PASS" signature="testWebViews()[pri:0, instance:MobileLogin@46d56d67]" name="testWebViews" duration-ms="15" started-at="2018-05-31T10:27:29Z" finished-at="2018-05-31T10:27:29Z">
          <reporter-output>
          </reporter-output>
        </test-method> <!-- testWebViews -->
      </class> <!-- MobileLogin -->
    </test> <!-- Default test -->
  </suite> <!-- Default suite -->
</testng-results>
